
#1

cut -d "," -f 2,17 2019-05.csv | grep -E "2019-05-11" | cut -d "," -f 2

when I input this the output is a bunch of rows with the total amount on each.


[matthew23fa@sjsu taxidata]$ cat total_amounts_05-11.txt | tr '\n' '+' | sed 's/+$/\n/' | bc
4509482.36

this is the output before I append it to totalnumber.txt

wc -l total_amounts_05-11.txt | cut -d " " -f >> totalnumber.txt

I then append the line count and modify the totalnumber.txt file using vim to allow it to work with the final bc command as documented in my a2.txt entry for this problem

#2

[matthew23fa@sjsu taxidata]$ cut -d "," -f 2,17 2019-05.csv | grep -E '2019-05-11' | cut -d "," -f 2 | sort -k1,1nr | head -n 1
1309.8


#3

[matthew23fa@sjsu taxidata]$ cut -d "," -f 4,9 2019-05.csv | grep -E '[3-9].0,.*'| cut -d "," -f 2 | sort -k1,1nr | uniq -c | sort -k1,1nr | head -n 10
  39909 236.0
  37140 237.0
  36990 161.0
  33678 230.0
  28506 170.0
  27895 162.0
  27485 48.0
  26782 142.0
  25051 239.0
  24609 234.0


#4
[matthew23fa@sjsu taxidata]$ cut -d "," -f 2,8,9 2019-05.csv | grep -E "2019-05-20.*"| cut -d "," -f 2 | sort -k1,1nr | uniq -c | sort -k1,1nr| head -n 10
  12002 237.0
  10887 161.0
  10543 236.0
   9683 132.0
   9523 162.0
   8663 186.0
   8089 138.0
   7875 230.0
   7515 170.0
   7145 142.0


[matthew23fa@sjsu taxidata]$ cut -d "," -f 2,8,9 2019-05.csv | grep -E "2019-05-20.*,237.0,.*"| cut -d "," -f 2,3 | sort -k2,2nr | uniq -c | sort -k1,1nr | head -n 10
   1911 237.0,236.0
   1429 237.0,237.0
    803 237.0,161.0
    785 237.0,162.0
    556 237.0,141.0
    508 237.0,140.0
    483 237.0,142.0
    408 237.0,263.0
    323 237.0,163.0
    311 237.0,238.0

#5

[matthew23fa@sjsu taxidata]$ cat 2019-*.csv | cut -d "," -f 8 > output3.txt
[matthew23fa@sjsu taxidata]$ sort -rn output3.txt | uniq -c | sort -k1,1nr | head -n 10

3641682 237.0
3450649 161.0
3291351 236.0
3046788 162.0
3027440 186.0
2900733 230.0
2729607 132.0
2678275 48.0
2604081 170.0
2534767 234.0

after listening the top 10 most frequent pickup locations, it becomes clear that the most common pickup location is 237.0
