problem #2
pwd

problem #3
id

problem #4
mkdir test
chmod u-x test
cd test
touch /mnt/scatch/matthew23fa/file.txt
ls -l /mnt/scratch/matthew23fa/test
mkdir test2
cd test2
touch file.txt
cd ..
chmod u-x test2
ls -l /mnt/scratch/matthew23fa/test2

problem #5

mkdir temp2
mv temp2 temp3
ls -a
cp temp2 temp4

mkdir temp2
cd temp2
touch file.txt
cd ..
cp -r temp2 temp3
cd temp3
ls

problem #6
cd /proc
ls | grep -E "cpu|mem"

problem #7
cat meminfo | head

problem #8
head cpuinfo

problem #9
cat system-release

problem #10
ls -last system-release
