
#1
matthew23fa@sjsu taxidata]$ chmod +rx bashscript.sh
[matthew23fa@sjsu taxidata]$ ./bashscript.sh
[matthew23fa@sjsu taxidata]$ cat a3.txt
221.0,143.96
1.0,95.84
265.0,88.89
5.0,87.17
156.0,87.05
23.0,74.49
99.0,73.15
176.0,70.70
118.0,65.26
10.0,62.05

#2
[matthew23fa@sjsu taxidata]$ chmod +rx awkscript2.sh
[matthew23fa@sjsu taxidata]$ ./awkscript2.sh 2019-08.csv | tee -a a3.txt
Location pair: 138.0 -> 15.0 Average total amount: 1762.97

#3
[matthew23fa@sjsu taxidata]$ vim a3p3script.awk
[matthew23fa@sjsu taxidata]$ chmod +rx a3p3script.awk
[matthew23fa@sjsu taxidata]$ awk -F ',' -f a3p3script.awk 2019-08.csv > a3p3data.dat
[matthew23fa@sjsu taxidata]$ vim a3p3data.dat

[matthew23fa@sjsu taxidata]$ gnuplot a3plot3.plt

this command outputs the plot to a file a3t3.svg which I view on my system using sxiv

#4

[matthew23fa@sjsu taxidata]$ vim a3p4script.awk
[matthew23fa@sjsu taxidata]$ chmod +rx a3p4script.awk
[matthew23fa@sjsu taxidata]$ awk -F ',' -f a3p4script.awk 2019-08.csv > a3p3data.dat
[matthew23fa@sjsu taxidata]$ vim a3scatter.dat
[matthew23fa@sjsu taxidata]$ gnuplot scatterplt.plt

this command outputs the plot to a file a3t4.svg which I view on my system using sxiv
