set border 2 front lt black linewidth 1.000 dashtype solid
set boxwidth 0.5 absolute
set style fill solid 0.50
unset key
set pointsize 0.5

set datafile separator '\t'

set terminal pngcairo
set out 'a3t3.svg'

/* set style data boxplot
set xticks passengers
set yticks tip amount
set autoscale y

plot 'box.dat' using 1:2
#!/usr/local/bin/gnuplot -persist
set style fill transparent solid 0.2 noborder
set datafile separator ','

set terminal svg 
set out 'a3t4.svg'

set title "Scatterplot correlation for distance travelled and total amount spent"

set xlabel "distance travelled"
set ylabel "total amount spent"
set xrange [1:200]
set yrange [1:900]
set autoscale x
set autoscale y

plot 'a3scatter.dat' using 1:2 with circles lc rgb 'red'
