
cut -d "," -f 8,9 2019-08.csv | grep -E "234.0,.*" | cut -d "," -f 2 | sort -k1,1nr | uniq -c | sort -k1,1nr | head -n 100 | awk '{print $2}' > dolocations.txt


shellscript.sh
---------------

#!/bin/bash
output_dir="/mnt/scratch/matthew23fa/taxidata/cs131/ws5/do234"
mkdir -p "$output_dir"

# Read and preprocess data from 2019-08.csv into an array
mapfile -t augustdropoffs < <(cut -d "," -f 9 2019-08.csv)

# Iterate through the patterns in dolocations.txt
while IFS= read -r entry; do
            # Use grep to filter lines in augustdropoffs array that match the current entry
                grep -E "$entry" <<< "${augustdropoffs[@]}" > "$output_dir/$entry.txt"
        done < "dolocations.txt"


[matthew23fa@sjsu do234]$ wc -w 48.0.txt
6073358 48.0.txt

[matthew23fa@sjsu do234]$ wc -w 1.0.txt
6073358 1.0.txt
[matthew23fa@sjsu do234]$ wc -w 3.0.txt
wc: 3.0.txt: No such file or directory
[matthew23fa@sjsu do234]$ wc -w 223.0.txt
6073358 223.0.txt
